app/build/intermediates/manifest_merge_blame_file/debug/manifest-merger-blame-debug-report.txt
1<?xml version="1.0" encoding="utf-8"?>
2<manifest xmlns:android="http://schemas.android.com/apk/res/android"
3    package="com.me.mseotsanyana.mande"
4    android:versionCode="1"
5    android:versionName="1.0" >
6
7    <uses-sdk
8        android:minSdkVersion="26"
8-->src/main/AndroidManifest.xml
9        android:targetSdkVersion="32" />
9-->src/main/AndroidManifest.xml
10
11    <uses-permission android:name="android.permission.READ_EXTERNAL_STORAGE" />
11-->src/main/AndroidManifest.xml:6:5-80
11-->src/main/AndroidManifest.xml:6:22-77
12    <uses-permission
12-->src/main/AndroidManifest.xml:7:5-8:38
13        android:name="android.permission.WRITE_EXTERNAL_STORAGE"
13-->src/main/AndroidManifest.xml:7:22-78
14        android:maxSdkVersion="28" />
14-->src/main/AndroidManifest.xml:8:9-35
15    <uses-permission android:name="android.permission.MANAGE_EXTERNAL_STORAGE" />
15-->src/main/AndroidManifest.xml:9:5-82
15-->src/main/AndroidManifest.xml:9:22-79
16    <uses-permission android:name="android.permission.INTERNET" />
16-->src/main/AndroidManifest.xml:11:5-67
16-->src/main/AndroidManifest.xml:11:22-64
17    <uses-permission android:name="android.permission.RECEIVE_BOOT_COMPLETED" />
17-->src/main/AndroidManifest.xml:13:5-80
17-->src/main/AndroidManifest.xml:13:22-78
18    <uses-permission android:name="android.permission.ACCESS_NETWORK_STATE" />
18-->[com.google.firebase:firebase-auth:21.0.1] AndroidManifest.xml:24:5-79
18-->[com.google.firebase:firebase-auth:21.0.1] AndroidManifest.xml:24:22-76
19    <uses-permission android:name="android.permission.WAKE_LOCK" />
19-->[com.google.android.gms:play-services-measurement:20.1.0] AndroidManifest.xml:25:5-68
19-->[com.google.android.gms:play-services-measurement:20.1.0] AndroidManifest.xml:25:22-65
20    <uses-permission android:name="com.google.android.finsky.permission.BIND_GET_INSTALL_REFERRER_SERVICE" /> <!-- Include required permissions for Advertising Id -->
20-->[com.google.android.gms:play-services-measurement:20.1.0] AndroidManifest.xml:26:5-110
20-->[com.google.android.gms:play-services-measurement:20.1.0] AndroidManifest.xml:26:22-107
21    <uses-permission android:name="com.google.android.gms.permission.AD_ID" /> <!-- android:allowBackup="true" -->
21-->[com.google.android.gms:play-services-ads-identifier:18.0.0] AndroidManifest.xml:23:5-79
21-->[com.google.android.gms:play-services-ads-identifier:18.0.0] AndroidManifest.xml:23:22-76
22    <application
22-->src/main/AndroidManifest.xml:16:5-65:19
23        android:allowBackup="true"
23-->src/main/AndroidManifest.xml:17:9-35
24        android:appComponentFactory="androidx.core.app.CoreComponentFactory"
24-->[androidx.core:core:1.7.0] AndroidManifest.xml:24:18-86
25        android:debuggable="true"
26        android:extractNativeLibs="false"
27        android:icon="@mipmap/ic_launcher"
27-->src/main/AndroidManifest.xml:18:9-43
28        android:label="@string/app_name"
28-->src/main/AndroidManifest.xml:19:9-41
29        android:supportsRtl="true"
29-->src/main/AndroidManifest.xml:21:9-35
30        android:testOnly="true"
31        android:theme="@style/AppTheme"
31-->src/main/AndroidManifest.xml:22:9-40
32        android:windowSoftInputMode="adjustResize" >
32-->src/main/AndroidManifest.xml:20:9-51
33
34        <!--
35        android:theme="@style/Theme.AppCompat.Light.NoActionBar">
36    android:theme="@style/AppTheme" >
37        -->
38        <activity
38-->src/main/AndroidManifest.xml:27:9-37:20
39            android:name="com.me.mseotsanyana.mande.MainActivity"
39-->src/main/AndroidManifest.xml:28:13-41
40            android:exported="true"
40-->src/main/AndroidManifest.xml:29:13-36
41            android:label="@string/app_name" >
41-->src/main/AndroidManifest.xml:30:13-45
42
43            <!-- android:theme="@style/AppTheme.NoActionBar" -->
44
45            <intent-filter>
45-->src/main/AndroidManifest.xml:33:13-36:29
46                <action android:name="android.intent.action.MAIN" />
46-->src/main/AndroidManifest.xml:34:17-69
46-->src/main/AndroidManifest.xml:34:25-66
47
48                <category android:name="android.intent.category.LAUNCHER" />
48-->src/main/AndroidManifest.xml:35:17-77
48-->src/main/AndroidManifest.xml:35:27-74
49            </intent-filter>
50        </activity>
51        <activity
51-->src/main/AndroidManifest.xml:40:9-44:20
52            android:name="com.me.mseotsanyana.mande.cSettingsActivity"
52-->src/main/AndroidManifest.xml:41:13-46
53            android:label="@string/text_settings" >
53-->src/main/AndroidManifest.xml:42:13-50
54        </activity>
55
56        <service
56-->src/main/AndroidManifest.xml:46:9-48:72
57            android:name="com.me.mseotsanyana.mande.DAL.ìmpl.sqlite.synchronization.cSyncedJobService"
57-->src/main/AndroidManifest.xml:47:13-78
58            android:permission="android.permission.BIND_JOB_SERVICE" />
58-->src/main/AndroidManifest.xml:48:13-69
59        <service
59-->src/main/AndroidManifest.xml:50:9-52:72
60            android:name="com.me.mseotsanyana.mande.BLL.interactors.session.user.Impl.cUserJobService"
60-->src/main/AndroidManifest.xml:51:13-78
61            android:permission="android.permission.BIND_JOB_SERVICE" />
61-->src/main/AndroidManifest.xml:52:13-69
62        <service
62-->src/main/AndroidManifest.xml:53:9-55:72
63            android:name="com.me.mseotsanyana.mande.BLL.interactors.session.address.Impl.cAddressJobService"
63-->src/main/AndroidManifest.xml:54:13-84
64            android:permission="android.permission.BIND_JOB_SERVICE" />
64-->src/main/AndroidManifest.xml:55:13-69
65
66        <receiver
66-->src/main/AndroidManifest.xml:57:9-63:20
67            android:name="com.me.mseotsanyana.mande.UTIL.COM.cBroadcastReceiver"
67-->src/main/AndroidManifest.xml:58:13-56
68            android:exported="true" >
68-->src/main/AndroidManifest.xml:59:13-36
69            <intent-filter>
69-->src/main/AndroidManifest.xml:60:13-62:29
70                <action android:name="android.intent.action.BOOT_COMPLETED" />
70-->src/main/AndroidManifest.xml:61:17-79
70-->src/main/AndroidManifest.xml:61:25-76
71            </intent-filter>
72        </receiver>
73
74        <activity
74-->[com.google.firebase:firebase-auth:21.0.1] AndroidManifest.xml:27:9-44:20
75            android:name="com.google.firebase.auth.internal.GenericIdpActivity"
75-->[com.google.firebase:firebase-auth:21.0.1] AndroidManifest.xml:28:13-80
76            android:excludeFromRecents="true"
76-->[com.google.firebase:firebase-auth:21.0.1] AndroidManifest.xml:29:13-46
77            android:exported="true"
77-->[com.google.firebase:firebase-auth:21.0.1] AndroidManifest.xml:30:13-36
78            android:launchMode="singleTask"
78-->[com.google.firebase:firebase-auth:21.0.1] AndroidManifest.xml:31:13-44
79            android:theme="@android:style/Theme.Translucent.NoTitleBar" >
79-->[com.google.firebase:firebase-auth:21.0.1] AndroidManifest.xml:32:13-72
80            <intent-filter>
80-->[com.google.firebase:firebase-auth:21.0.1] AndroidManifest.xml:33:13-43:29
81                <action android:name="android.intent.action.VIEW" />
81-->[com.google.firebase:firebase-auth:21.0.1] AndroidManifest.xml:34:17-69
81-->[com.google.firebase:firebase-auth:21.0.1] AndroidManifest.xml:34:25-66
82
83                <category android:name="android.intent.category.DEFAULT" />
83-->[com.google.firebase:firebase-auth:21.0.1] AndroidManifest.xml:36:17-76
83-->[com.google.firebase:firebase-auth:21.0.1] AndroidManifest.xml:36:27-73
84                <category android:name="android.intent.category.BROWSABLE" />
84-->[com.google.firebase:firebase-auth:21.0.1] AndroidManifest.xml:37:17-78
84-->[com.google.firebase:firebase-auth:21.0.1] AndroidManifest.xml:37:27-75
85
86                <data
86-->[com.google.firebase:firebase-auth:21.0.1] AndroidManifest.xml:39:17-42:51
87                    android:host="firebase.auth"
87-->[com.google.firebase:firebase-auth:21.0.1] AndroidManifest.xml:40:21-49
88                    android:path="/"
88-->[com.google.firebase:firebase-auth:21.0.1] AndroidManifest.xml:41:21-37
89                    android:scheme="genericidp" />
89-->[com.google.firebase:firebase-auth:21.0.1] AndroidManifest.xml:42:21-48
90            </intent-filter>
91        </activity>
92        <activity
92-->[com.google.firebase:firebase-auth:21.0.1] AndroidManifest.xml:45:9-62:20
93            android:name="com.google.firebase.auth.internal.RecaptchaActivity"
93-->[com.google.firebase:firebase-auth:21.0.1] AndroidManifest.xml:46:13-79
94            android:excludeFromRecents="true"
94-->[com.google.firebase:firebase-auth:21.0.1] AndroidManifest.xml:47:13-46
95            android:exported="true"
95-->[com.google.firebase:firebase-auth:21.0.1] AndroidManifest.xml:48:13-36
96            android:launchMode="singleTask"
96-->[com.google.firebase:firebase-auth:21.0.1] AndroidManifest.xml:49:13-44
97            android:theme="@android:style/Theme.Translucent.NoTitleBar" >
97-->[com.google.firebase:firebase-auth:21.0.1] AndroidManifest.xml:50:13-72
98            <intent-filter>
98-->[com.google.firebase:firebase-auth:21.0.1] AndroidManifest.xml:51:13-61:29
99                <action android:name="android.intent.action.VIEW" />
99-->[com.google.firebase:firebase-auth:21.0.1] AndroidManifest.xml:34:17-69
99-->[com.google.firebase:firebase-auth:21.0.1] AndroidManifest.xml:34:25-66
100
101                <category android:name="android.intent.category.DEFAULT" />
101-->[com.google.firebase:firebase-auth:21.0.1] AndroidManifest.xml:36:17-76
101-->[com.google.firebase:firebase-auth:21.0.1] AndroidManifest.xml:36:27-73
102                <category android:name="android.intent.category.BROWSABLE" />
102-->[com.google.firebase:firebase-auth:21.0.1] AndroidManifest.xml:37:17-78
102-->[com.google.firebase:firebase-auth:21.0.1] AndroidManifest.xml:37:27-75
103
104                <data
104-->[com.google.firebase:firebase-auth:21.0.1] AndroidManifest.xml:39:17-42:51
105                    android:host="firebase.auth"
105-->[com.google.firebase:firebase-auth:21.0.1] AndroidManifest.xml:40:21-49
106                    android:path="/"
106-->[com.google.firebase:firebase-auth:21.0.1] AndroidManifest.xml:41:21-37
107                    android:scheme="recaptcha" />
107-->[com.google.firebase:firebase-auth:21.0.1] AndroidManifest.xml:42:21-48
108            </intent-filter>
109        </activity>
110
111        <service
111-->[com.google.firebase:firebase-auth:21.0.1] AndroidManifest.xml:64:9-73:19
112            android:name="com.google.firebase.auth.api.fallback.service.FirebaseAuthFallbackService"
112-->[com.google.firebase:firebase-auth:21.0.1] AndroidManifest.xml:65:13-101
113            android:enabled="true"
113-->[com.google.firebase:firebase-auth:21.0.1] AndroidManifest.xml:66:13-35
114            android:exported="false" >
114-->[com.google.firebase:firebase-auth:21.0.1] AndroidManifest.xml:67:13-37
115            <intent-filter>
115-->[com.google.firebase:firebase-auth:21.0.1] AndroidManifest.xml:68:13-72:29
116                <action android:name="com.google.firebase.auth.api.gms.service.START" />
116-->[com.google.firebase:firebase-auth:21.0.1] AndroidManifest.xml:69:17-89
116-->[com.google.firebase:firebase-auth:21.0.1] AndroidManifest.xml:69:25-86
117
118                <category android:name="android.intent.category.DEFAULT" />
118-->[com.google.firebase:firebase-auth:21.0.1] AndroidManifest.xml:36:17-76
118-->[com.google.firebase:firebase-auth:21.0.1] AndroidManifest.xml:36:27-73
119            </intent-filter>
120        </service>
121        <service
121-->[com.google.firebase:firebase-auth:21.0.1] AndroidManifest.xml:74:9-80:19
122            android:name="com.google.firebase.components.ComponentDiscoveryService"
122-->[com.google.firebase:firebase-auth:21.0.1] AndroidManifest.xml:75:13-84
123            android:directBootAware="true"
123-->[com.google.firebase:firebase-common:20.0.0] AndroidManifest.xml:35:13-43
124            android:exported="false" >
124-->[com.google.firebase:firebase-auth:21.0.1] AndroidManifest.xml:76:13-37
125            <meta-data
125-->[com.google.firebase:firebase-auth:21.0.1] AndroidManifest.xml:77:13-79:85
126                android:name="com.google.firebase.components:com.google.firebase.auth.FirebaseAuthRegistrar"
126-->[com.google.firebase:firebase-auth:21.0.1] AndroidManifest.xml:78:17-109
127                android:value="com.google.firebase.components.ComponentRegistrar" />
127-->[com.google.firebase:firebase-auth:21.0.1] AndroidManifest.xml:79:17-82
128            <meta-data
128-->[com.google.firebase:firebase-firestore:24.0.1] AndroidManifest.xml:20:13-22:85
129                android:name="com.google.firebase.components:com.google.firebase.firestore.FirestoreRegistrar"
129-->[com.google.firebase:firebase-firestore:24.0.1] AndroidManifest.xml:21:17-111
130                android:value="com.google.firebase.components.ComponentRegistrar" />
130-->[com.google.firebase:firebase-firestore:24.0.1] AndroidManifest.xml:22:17-82
131            <meta-data
131-->[com.google.firebase:firebase-storage:20.0.0] AndroidManifest.xml:33:13-35:85
132                android:name="com.google.firebase.components:com.google.firebase.storage.StorageRegistrar"
132-->[com.google.firebase:firebase-storage:20.0.0] AndroidManifest.xml:34:17-107
133                android:value="com.google.firebase.components.ComponentRegistrar" />
133-->[com.google.firebase:firebase-storage:20.0.0] AndroidManifest.xml:35:17-82
134            <meta-data
134-->[com.google.firebase:firebase-database:20.0.3] AndroidManifest.xml:32:13-34:85
135                android:name="com.google.firebase.components:com.google.firebase.database.DatabaseRegistrar"
135-->[com.google.firebase:firebase-database:20.0.3] AndroidManifest.xml:33:17-109
136                android:value="com.google.firebase.components.ComponentRegistrar" />
136-->[com.google.firebase:firebase-database:20.0.3] AndroidManifest.xml:34:17-82
137            <meta-data
137-->[com.google.android.gms:play-services-measurement-api:20.1.0] AndroidManifest.xml:30:13-32:85
138                android:name="com.google.firebase.components:com.google.firebase.analytics.connector.internal.AnalyticsConnectorRegistrar"
138-->[com.google.android.gms:play-services-measurement-api:20.1.0] AndroidManifest.xml:31:17-139
139                android:value="com.google.firebase.components.ComponentRegistrar" />
139-->[com.google.android.gms:play-services-measurement-api:20.1.0] AndroidManifest.xml:32:17-82
140            <meta-data
140-->[com.google.firebase:firebase-installations:17.0.0] AndroidManifest.xml:18:13-20:85
141                android:name="com.google.firebase.components:com.google.firebase.installations.FirebaseInstallationsRegistrar"
141-->[com.google.firebase:firebase-installations:17.0.0] AndroidManifest.xml:19:17-127
142                android:value="com.google.firebase.components.ComponentRegistrar" />
142-->[com.google.firebase:firebase-installations:17.0.0] AndroidManifest.xml:20:17-82
143        </service>
144
145        <uses-library
145-->[androidx.window:window:1.0.0] AndroidManifest.xml:25:9-27:40
146            android:name="androidx.window.extensions"
146-->[androidx.window:window:1.0.0] AndroidManifest.xml:26:13-54
147            android:required="false" />
147-->[androidx.window:window:1.0.0] AndroidManifest.xml:27:13-37
148        <uses-library
148-->[androidx.window:window:1.0.0] AndroidManifest.xml:28:9-30:40
149            android:name="androidx.window.sidecar"
149-->[androidx.window:window:1.0.0] AndroidManifest.xml:29:13-51
150            android:required="false" />
150-->[androidx.window:window:1.0.0] AndroidManifest.xml:30:13-37
151
152        <receiver
152-->[com.google.android.gms:play-services-measurement:20.1.0] AndroidManifest.xml:29:9-33:20
153            android:name="com.google.android.gms.measurement.AppMeasurementReceiver"
153-->[com.google.android.gms:play-services-measurement:20.1.0] AndroidManifest.xml:30:13-85
154            android:enabled="true"
154-->[com.google.android.gms:play-services-measurement:20.1.0] AndroidManifest.xml:31:13-35
155            android:exported="false" >
155-->[com.google.android.gms:play-services-measurement:20.1.0] AndroidManifest.xml:32:13-37
156        </receiver>
157
158        <service
158-->[com.google.android.gms:play-services-measurement:20.1.0] AndroidManifest.xml:35:9-38:40
159            android:name="com.google.android.gms.measurement.AppMeasurementService"
159-->[com.google.android.gms:play-services-measurement:20.1.0] AndroidManifest.xml:36:13-84
160            android:enabled="true"
160-->[com.google.android.gms:play-services-measurement:20.1.0] AndroidManifest.xml:37:13-35
161            android:exported="false" />
161-->[com.google.android.gms:play-services-measurement:20.1.0] AndroidManifest.xml:38:13-37
162        <service
162-->[com.google.android.gms:play-services-measurement:20.1.0] AndroidManifest.xml:39:9-43:72
163            android:name="com.google.android.gms.measurement.AppMeasurementJobService"
163-->[com.google.android.gms:play-services-measurement:20.1.0] AndroidManifest.xml:40:13-87
164            android:enabled="true"
164-->[com.google.android.gms:play-services-measurement:20.1.0] AndroidManifest.xml:41:13-35
165            android:exported="false"
165-->[com.google.android.gms:play-services-measurement:20.1.0] AndroidManifest.xml:42:13-37
166            android:permission="android.permission.BIND_JOB_SERVICE" />
166-->[com.google.android.gms:play-services-measurement:20.1.0] AndroidManifest.xml:43:13-69
167
168        <provider
168-->[com.squareup.picasso:picasso:2.71828] AndroidManifest.xml:8:9-11:40
169            android:name="com.squareup.picasso.PicassoProvider"
169-->[com.squareup.picasso:picasso:2.71828] AndroidManifest.xml:9:13-64
170            android:authorities="com.me.mseotsanyana.mande.com.squareup.picasso"
170-->[com.squareup.picasso:picasso:2.71828] AndroidManifest.xml:10:13-72
171            android:exported="false" />
171-->[com.squareup.picasso:picasso:2.71828] AndroidManifest.xml:11:13-37
172
173        <activity
173-->[com.google.android.gms:play-services-base:17.1.0] AndroidManifest.xml:23:9-26:75
174            android:name="com.google.android.gms.common.api.GoogleApiActivity"
174-->[com.google.android.gms:play-services-base:17.1.0] AndroidManifest.xml:24:13-79
175            android:exported="false"
175-->[com.google.android.gms:play-services-base:17.1.0] AndroidManifest.xml:25:13-37
176            android:theme="@android:style/Theme.Translucent.NoTitleBar" />
176-->[com.google.android.gms:play-services-base:17.1.0] AndroidManifest.xml:26:13-72
177
178        <provider
178-->[com.google.firebase:firebase-common:20.0.0] AndroidManifest.xml:26:9-31:39
179            android:name="com.google.firebase.provider.FirebaseInitProvider"
179-->[com.google.firebase:firebase-common:20.0.0] AndroidManifest.xml:27:13-77
180            android:authorities="com.me.mseotsanyana.mande.firebaseinitprovider"
180-->[com.google.firebase:firebase-common:20.0.0] AndroidManifest.xml:28:13-72
181            android:directBootAware="true"
181-->[com.google.firebase:firebase-common:20.0.0] AndroidManifest.xml:29:13-43
182            android:exported="false"
182-->[com.google.firebase:firebase-common:20.0.0] AndroidManifest.xml:30:13-37
183            android:initOrder="100" />
183-->[com.google.firebase:firebase-common:20.0.0] AndroidManifest.xml:31:13-36
184
185        <meta-data
185-->[com.google.android.gms:play-services-basement:18.0.0] AndroidManifest.xml:21:9-23:69
186            android:name="com.google.android.gms.version"
186-->[com.google.android.gms:play-services-basement:18.0.0] AndroidManifest.xml:22:13-58
187            android:value="@integer/google_play_services_version" />
187-->[com.google.android.gms:play-services-basement:18.0.0] AndroidManifest.xml:23:13-66
188
189        <provider
189-->[androidx.emoji2:emoji2:1.0.0] AndroidManifest.xml:26:9-34:20
190            android:name="androidx.startup.InitializationProvider"
190-->[androidx.emoji2:emoji2:1.0.0] AndroidManifest.xml:27:13-67
191            android:authorities="com.me.mseotsanyana.mande.androidx-startup"
191-->[androidx.emoji2:emoji2:1.0.0] AndroidManifest.xml:28:13-68
192            android:exported="false" >
192-->[androidx.emoji2:emoji2:1.0.0] AndroidManifest.xml:29:13-37
193            <meta-data
193-->[androidx.emoji2:emoji2:1.0.0] AndroidManifest.xml:31:13-33:52
194                android:name="androidx.emoji2.text.EmojiCompatInitializer"
194-->[androidx.emoji2:emoji2:1.0.0] AndroidManifest.xml:32:17-75
195                android:value="androidx.startup" />
195-->[androidx.emoji2:emoji2:1.0.0] AndroidManifest.xml:33:17-49
196            <meta-data
196-->[androidx.lifecycle:lifecycle-process:2.4.0] AndroidManifest.xml:31:13-33:52
197                android:name="androidx.lifecycle.ProcessLifecycleInitializer"
197-->[androidx.lifecycle:lifecycle-process:2.4.0] AndroidManifest.xml:32:17-78
198                android:value="androidx.startup" />
198-->[androidx.lifecycle:lifecycle-process:2.4.0] AndroidManifest.xml:33:17-49
199        </provider>
200    </application>
201
202</manifest><!--
203        package="com.me.mseotsanyana.settings">
204
205    <application
206        android:allowBackup="true"
207        android:icon="@mipmap/ic_launcher"
208        android:label="@string/app_name"
209        android:roundIcon="@mipmap/ic_launcher_round"
210        android:supportsRtl="true"
211        android:theme="@style/AppTheme">
212        <activity
213            android:name=".MainActivity"
214            android:label="@string/app_name"
215            android:theme="@style/AppTheme.NoActionBar">
216            <intent-filter>
217                <action android:name="android.intent.action.MAIN" />
218
219                <category android:name="android.intent.category.LAUNCHER" />
220            </intent-filter>
221        </activity>
222        <activity android:name=".SettingsActivity"></activity>
223    </application>
224
225
226    <uses-sdk android:targetSdkVersion="25"
227        android:minSdkVersion="15"
228        tools:overrideLibrary="com.me.mseotsanyana.quickactionlibrary" />
229-->